2020-12-25 15:04:51.510  INFO 15184 --- [restartedMain] com.ying.sell.SellApplication            : Starting SellApplication on DESKTOP-GBFCAQB with PID 15184 (F:\Sell\sell\target\classes started by 17694 in F:\Sell\sell)
2020-12-25 15:04:51.520  INFO 15184 --- [restartedMain] com.ying.sell.SellApplication            : No active profile set, falling back to default profiles: default
2020-12-25 15:04:51.710  INFO 15184 --- [restartedMain] .e.DevToolsPropertyDefaultsPostProcessor : Devtools property defaults active! Set 'spring.devtools.add-properties' to 'false' to disable
2020-12-25 15:04:51.710  INFO 15184 --- [restartedMain] .e.DevToolsPropertyDefaultsPostProcessor : For additional web related logging consider setting the 'logging.level.web' property to 'DEBUG'
2020-12-25 15:04:54.360  INFO 15184 --- [restartedMain] .s.d.r.c.RepositoryConfigurationDelegate : Bootstrapping Spring Data JPA repositories in DEFERRED mode.
2020-12-25 15:04:54.510  INFO 15184 --- [restartedMain] .s.d.r.c.RepositoryConfigurationDelegate : Finished Spring Data repository scanning in 120ms. Found 5 JPA repository interfaces.
2020-12-25 15:04:54.770  WARN 15184 --- [restartedMain] o.m.s.mapper.ClassPathMapperScanner      : No MyBatis mapper was found in '[com.ying.sell]' package. Please check your configuration.
2020-12-25 15:04:55.200  INFO 15184 --- [restartedMain] trationDelegate$BeanPostProcessorChecker : Bean 'shiroConfig' of type [com.ying.sell.config.ShiroConfig$$EnhancerBySpringCGLIB$$6c195eba] is not eligible for getting processed by all BeanPostProcessors (for example: not eligible for auto-proxying)
2020-12-25 15:04:55.519  INFO 15184 --- [restartedMain] trationDelegate$BeanPostProcessorChecker : Bean 'myRealm' of type [com.ying.sell.shiro.MyRealm] is not eligible for getting processed by all BeanPostProcessors (for example: not eligible for auto-proxying)
2020-12-25 15:04:55.529  INFO 15184 --- [restartedMain] trationDelegate$BeanPostProcessorChecker : Bean 'securityManager' of type [org.apache.shiro.web.mgt.DefaultWebSecurityManager] is not eligible for getting processed by all BeanPostProcessors (for example: not eligible for auto-proxying)
2020-12-25 15:04:56.170  INFO 15184 --- [restartedMain] o.s.b.w.embedded.tomcat.TomcatWebServer  : Tomcat initialized with port(s): 8080 (http)
2020-12-25 15:04:56.180  INFO 15184 --- [restartedMain] o.apache.catalina.core.StandardService   : Starting service [Tomcat]
2020-12-25 15:04:56.180  INFO 15184 --- [restartedMain] org.apache.catalina.core.StandardEngine  : Starting Servlet engine: [Apache Tomcat/9.0.36]
2020-12-25 15:04:56.329  INFO 15184 --- [restartedMain] o.a.c.c.C.[Tomcat].[localhost].[/sell]   : Initializing Spring embedded WebApplicationContext
2020-12-25 15:04:56.329  INFO 15184 --- [restartedMain] w.s.c.ServletWebServerApplicationContext : Root WebApplicationContext: initialization completed in 4619 ms
2020-12-25 15:04:56.670  INFO 15184 --- [restartedMain] o.s.s.concurrent.ThreadPoolTaskExecutor  : Initializing ExecutorService 'applicationTaskExecutor'
2020-12-25 15:04:56.710  INFO 15184 --- [restartedMain] com.zaxxer.hikari.HikariDataSource       : HikariPool-1 - Starting...
2020-12-25 15:04:56.710  WARN 15184 --- [restartedMain] com.zaxxer.hikari.util.DriverDataSource  : Registered driver with driverClassName=com.mysql.jdbc.Driver was not found, trying direct instantiation.
2020-12-25 15:04:57.019  INFO 15184 --- [restartedMain] com.zaxxer.hikari.HikariDataSource       : HikariPool-1 - Start completed.
2020-12-25 15:04:57.210  INFO 15184 --- [task-1] o.hibernate.jpa.internal.util.LogHelper  : HHH000204: Processing PersistenceUnitInfo [name: default]
2020-12-25 15:04:57.510  INFO 15184 --- [task-1] org.hibernate.Version                    : HHH000412: Hibernate ORM core version 5.4.17.Final
2020-12-25 15:04:58.170  INFO 15184 --- [task-1] o.hibernate.annotations.common.Version   : HCANN000001: Hibernate Commons Annotations {5.1.0.Final}
2020-12-25 15:04:58.615  INFO 15184 --- [task-1] org.hibernate.dialect.Dialect            : HHH000400: Using dialect: org.hibernate.dialect.MySQL57Dialect
2020-12-25 15:04:58.759  WARN 15184 --- [restartedMain] JpaBaseConfiguration$JpaWebConfiguration : spring.jpa.open-in-view is enabled by default. Therefore, database queries may be performed during view rendering. Explicitly configure spring.jpa.open-in-view to disable this warning
2020-12-25 15:04:59.395  INFO 15184 --- [restartedMain] pertySourcedRequestMappingHandlerMapping : Mapped URL path [/v2/api-docs] onto method [springfox.documentation.swagger2.web.Swagger2Controller#getDocumentation(String, HttpServletRequest)]
2020-12-25 15:04:59.840  INFO 15184 --- [restartedMain] o.s.b.d.a.OptionalLiveReloadServer       : LiveReload server is running on port 35729
2020-12-25 15:05:00.860  INFO 15184 --- [restartedMain] o.s.b.w.embedded.tomcat.TomcatWebServer  : Tomcat started on port(s): 8080 (http) with context path '/sell'
2020-12-25 15:05:00.860  INFO 15184 --- [restartedMain] d.s.w.p.DocumentationPluginsBootstrapper : Context refreshed
2020-12-25 15:05:00.950  INFO 15184 --- [restartedMain] d.s.w.p.DocumentationPluginsBootstrapper : Found 1 custom documentation plugin(s)
2020-12-25 15:05:01.025  INFO 15184 --- [restartedMain] s.d.s.w.s.ApiListingReferenceScanner     : Scanning for api listing references
2020-12-25 15:05:01.180  INFO 15184 --- [task-1] o.h.e.t.j.p.i.JtaPlatformInitiator       : HHH000490: Using JtaPlatform implementation: [org.hibernate.engine.transaction.jta.platform.internal.NoJtaPlatform]
2020-12-25 15:05:01.210  INFO 15184 --- [task-1] j.LocalContainerEntityManagerFactoryBean : Initialized JPA EntityManagerFactory for persistence unit 'default'
2020-12-25 15:05:01.445  INFO 15184 --- [restartedMain] .d.s.w.r.o.CachingOperationNameGenerator : Generating unique operation named: listUsingGET_1
2020-12-25 15:05:01.510  INFO 15184 --- [restartedMain] .d.s.w.r.o.CachingOperationNameGenerator : Generating unique operation named: detailUsingGET_1
2020-12-25 15:05:01.520  INFO 15184 --- [restartedMain] .d.s.w.r.o.CachingOperationNameGenerator : Generating unique operation named: listUsingGET_2
2020-12-25 15:05:01.580  INFO 15184 --- [restartedMain] .d.s.w.r.o.CachingOperationNameGenerator : Generating unique operation named: listUsingGET_3
2020-12-25 15:05:01.585  INFO 15184 --- [restartedMain] .d.s.w.r.o.CachingOperationNameGenerator : Generating unique operation named: saveUsingPOST_1
2020-12-25 15:05:01.605  INFO 15184 --- [restartedMain] DeferredRepositoryInitializationListener : Triggering deferred initialization of Spring Data repositories…
2020-12-25 15:05:02.430  INFO 15184 --- [restartedMain] DeferredRepositoryInitializationListener : Spring Data repositories initialized!
2020-12-25 15:05:02.439  INFO 15184 --- [restartedMain] com.ying.sell.SellApplication            : Started SellApplication in 12.126 seconds (JVM running for 14.667)
2020-12-25 15:05:27.036  INFO 15184 --- [http-nio-8080-exec-4] o.a.c.c.C.[Tomcat].[localhost].[/sell]   : Initializing Spring DispatcherServlet 'dispatcherServlet'
2020-12-25 15:05:27.036  INFO 15184 --- [http-nio-8080-exec-4] o.s.web.servlet.DispatcherServlet        : Initializing Servlet 'dispatcherServlet'
2020-12-25 15:05:27.048  INFO 15184 --- [http-nio-8080-exec-4] o.s.web.servlet.DispatcherServlet        : Completed initialization in 11 ms
2020-12-25 15:15:18.743  INFO 15184 --- [Thread-198] j.LocalContainerEntityManagerFactoryBean : Closing JPA EntityManagerFactory for persistence unit 'default'
2020-12-25 15:15:18.748  INFO 15184 --- [Thread-198] o.s.s.concurrent.ThreadPoolTaskExecutor  : Shutting down ExecutorService 'applicationTaskExecutor'
2020-12-25 15:15:18.751  INFO 15184 --- [Thread-198] com.zaxxer.hikari.HikariDataSource       : HikariPool-1 - Shutdown initiated...
2020-12-25 15:15:18.774  INFO 15184 --- [Thread-198] com.zaxxer.hikari.HikariDataSource       : HikariPool-1 - Shutdown completed.
2020-12-25 15:15:19.017  INFO 15184 --- [restartedMain] com.ying.sell.SellApplication            : Starting SellApplication on DESKTOP-GBFCAQB with PID 15184 (F:\Sell\sell\target\classes started by 17694 in F:\Sell\sell)
2020-12-25 15:15:19.018  INFO 15184 --- [restartedMain] com.ying.sell.SellApplication            : No active profile set, falling back to default profiles: default
2020-12-25 15:15:20.045  INFO 15184 --- [restartedMain] .s.d.r.c.RepositoryConfigurationDelegate : Bootstrapping Spring Data JPA repositories in DEFERRED mode.
2020-12-25 15:15:20.092  INFO 15184 --- [restartedMain] .s.d.r.c.RepositoryConfigurationDelegate : Finished Spring Data repository scanning in 46ms. Found 5 JPA repository interfaces.
2020-12-25 15:15:20.183  WARN 15184 --- [restartedMain] o.m.s.mapper.ClassPathMapperScanner      : No MyBatis mapper was found in '[com.ying.sell]' package. Please check your configuration.
2020-12-25 15:15:20.450  INFO 15184 --- [restartedMain] o.s.b.w.embedded.tomcat.TomcatWebServer  : Tomcat initialized with port(s): 8080 (http)
2020-12-25 15:15:20.451  INFO 15184 --- [restartedMain] o.apache.catalina.core.StandardService   : Starting service [Tomcat]
2020-12-25 15:15:20.451  INFO 15184 --- [restartedMain] org.apache.catalina.core.StandardEngine  : Starting Servlet engine: [Apache Tomcat/9.0.36]
2020-12-25 15:15:20.482  INFO 15184 --- [restartedMain] o.a.c.c.C.[Tomcat].[localhost].[/sell]   : Initializing Spring embedded WebApplicationContext
2020-12-25 15:15:20.482  INFO 15184 --- [restartedMain] w.s.c.ServletWebServerApplicationContext : Root WebApplicationContext: initialization completed in 1455 ms
2020-12-25 15:15:20.628  INFO 15184 --- [restartedMain] o.s.s.concurrent.ThreadPoolTaskExecutor  : Initializing ExecutorService 'applicationTaskExecutor'
2020-12-25 15:15:20.634  INFO 15184 --- [restartedMain] com.zaxxer.hikari.HikariDataSource       : HikariPool-2 - Starting...
2020-12-25 15:15:20.635  WARN 15184 --- [restartedMain] com.zaxxer.hikari.util.DriverDataSource  : Registered driver with driverClassName=com.mysql.jdbc.Driver was not found, trying direct instantiation.
2020-12-25 15:15:20.648  INFO 15184 --- [restartedMain] com.zaxxer.hikari.HikariDataSource       : HikariPool-2 - Start completed.
2020-12-25 15:15:20.667  INFO 15184 --- [task-1] o.hibernate.jpa.internal.util.LogHelper  : HHH000204: Processing PersistenceUnitInfo [name: default]
2020-12-25 15:15:20.688  INFO 15184 --- [task-1] org.hibernate.dialect.Dialect            : HHH000400: Using dialect: org.hibernate.dialect.MySQL57Dialect
2020-12-25 15:15:21.005  INFO 15184 --- [task-1] o.h.e.t.j.p.i.JtaPlatformInitiator       : HHH000490: Using JtaPlatform implementation: [org.hibernate.engine.transaction.jta.platform.internal.NoJtaPlatform]
2020-12-25 15:15:21.006  INFO 15184 --- [task-1] j.LocalContainerEntityManagerFactoryBean : Initialized JPA EntityManagerFactory for persistence unit 'default'
2020-12-25 15:15:21.089  WARN 15184 --- [restartedMain] JpaBaseConfiguration$JpaWebConfiguration : spring.jpa.open-in-view is enabled by default. Therefore, database queries may be performed during view rendering. Explicitly configure spring.jpa.open-in-view to disable this warning
2020-12-25 15:15:21.287  INFO 15184 --- [restartedMain] pertySourcedRequestMappingHandlerMapping : Mapped URL path [/v2/api-docs] onto method [springfox.documentation.swagger2.web.Swagger2Controller#getDocumentation(String, HttpServletRequest)]
2020-12-25 15:15:21.491  INFO 15184 --- [restartedMain] o.s.b.d.a.OptionalLiveReloadServer       : LiveReload server is running on port 35729
2020-12-25 15:15:21.709  INFO 15184 --- [restartedMain] o.s.b.w.embedded.tomcat.TomcatWebServer  : Tomcat started on port(s): 8080 (http) with context path '/sell'
2020-12-25 15:15:21.709  INFO 15184 --- [restartedMain] d.s.w.p.DocumentationPluginsBootstrapper : Context refreshed
2020-12-25 15:15:21.711  INFO 15184 --- [restartedMain] d.s.w.p.DocumentationPluginsBootstrapper : Found 1 custom documentation plugin(s)
2020-12-25 15:15:21.718  INFO 15184 --- [restartedMain] s.d.s.w.s.ApiListingReferenceScanner     : Scanning for api listing references
2020-12-25 15:15:21.772  INFO 15184 --- [restartedMain] .d.s.w.r.o.CachingOperationNameGenerator : Generating unique operation named: listUsingGET_1
2020-12-25 15:15:21.789  INFO 15184 --- [restartedMain] .d.s.w.r.o.CachingOperationNameGenerator : Generating unique operation named: detailUsingGET_1
2020-12-25 15:15:21.807  INFO 15184 --- [restartedMain] .d.s.w.r.o.CachingOperationNameGenerator : Generating unique operation named: listUsingGET_2
2020-12-25 15:15:21.847  INFO 15184 --- [restartedMain] .d.s.w.r.o.CachingOperationNameGenerator : Generating unique operation named: listUsingGET_3
2020-12-25 15:15:21.856  INFO 15184 --- [restartedMain] .d.s.w.r.o.CachingOperationNameGenerator : Generating unique operation named: saveUsingPOST_1
2020-12-25 15:15:21.868  INFO 15184 --- [restartedMain] DeferredRepositoryInitializationListener : Triggering deferred initialization of Spring Data repositories…
2020-12-25 15:15:22.143  INFO 15184 --- [restartedMain] DeferredRepositoryInitializationListener : Spring Data repositories initialized!
2020-12-25 15:15:22.153  INFO 15184 --- [restartedMain] com.ying.sell.SellApplication            : Started SellApplication in 3.23 seconds (JVM running for 634.375)
2020-12-25 15:15:22.157  INFO 15184 --- [restartedMain] .ConditionEvaluationDeltaLoggingListener : Condition evaluation unchanged
